<?xml version="1.0" encoding="UTF-8"?>
<!-- Generated by org.testng.reporters.JUnitXMLReporter -->
<testsuite hostname="HaPC.local" name="NetworkGroupsFireFox" tests="6" failures="0" timestamp="22 May 2015 03:53:01 GMT" time="326.471" errors="0">
  <testcase name="checkAccountHolderInformation" time="4.648" classname="com.itson.myaccount.MyAccountProfileTestSuite"/>
  <testcase name="checkAccountHolderInformationInEdit" time="6.756" classname="com.itson.myaccount.MyAccountProfileTestSuite"/>
  <testcase name="changePassword" time="113.402" classname="com.itson.myaccount.MyAccountProfileTestSuite"/>
  <testcase name="editAccountHolderInformationCancel" time="28.794" classname="com.itson.myaccount.MyAccountProfileTestSuite"/>
  <testcase name="changePasswordCancel" time="33.73" classname="com.itson.myaccount.MyAccountProfileTestSuite"/>
  <testcase name="editAccountHolderInformation" time="97.489" classname="com.itson.myaccount.MyAccountProfileTestSuite"/>
</testsuite> <!-- NetworkGroupsFireFox -->
